Determining if the pthread_create exist failed with the following output:
Change Dir: /home/swarmie/rover_workspace/build/ublox_msgs/CMakeFiles/CMakeTmp

Run Build Command:/usr/bin/make "cmTryCompileExec2330476994/fast"
/usr/bin/make -f CMakeFiles/cmTryCompileExec2330476994.dir/build.make CMakeFiles/cmTryCompileExec2330476994.dir/build
make[1]: Entering directory `/home/swarmie/rover_workspace/build/ublox_msgs/CMakeFiles/CMakeTmp'
/usr/bin/cmake -E cmake_progress_report /home/swarmie/rover_workspace/build/ublox_msgs/CMakeFiles/CMakeTmp/CMakeFiles 1
Building C object CMakeFiles/cmTryCompileExec2330476994.dir/CheckSymbolExists.c.o
/usr/bin/cc    -o CMakeFiles/cmTryCompileExec2330476994.dir/CheckSymbolExists.c.o   -c /home/swarmie/rover_workspace/build/ublox_msgs/CMakeFiles/CMakeTmp/CheckSymbolExists.c
Linking C executable cmTryCompileExec2330476994
/usr/bin/cmake -E cmake_link_script CMakeFiles/cmTryCompileExec2330476994.dir/link.txt --verbose=1
/usr/bin/cc       CMakeFiles/cmTryCompileExec2330476994.dir/CheckSymbolExists.c.o  -o cmTryCompileExec2330476994 -rdynamic 
CMakeFiles/cmTryCompileExec2330476994.dir/CheckSymbolExists.c.o: In function `main':
CheckSymbolExists.c:(.text+0x16): undefined reference to `pthread_create'
collect2: error: ld returned 1 exit status
make[1]: *** [cmTryCompileExec2330476994] Error 1
make[1]: Leaving directory `/home/swarmie/rover_workspace/build/ublox_msgs/CMakeFiles/CMakeTmp'
make: *** [cmTryCompileExec2330476994/fast] Error 2

File /home/swarmie/rover_workspace/build/ublox_msgs/CMakeFiles/CMakeTmp/CheckSymbolExists.c:
/* */
#include <pthread.h>

int main(int argc, char** argv)
{
  (void)argv;
#ifndef pthread_create
  return ((int*)(&pthread_create))[argc];
#else
  (void)argc;
  return 0;
#endif
}

Determining if the function pthread_create exists in the pthreads failed with the following output:
Change Dir: /home/swarmie/rover_workspace/build/ublox_msgs/CMakeFiles/CMakeTmp

Run Build Command:/usr/bin/make "cmTryCompileExec838611980/fast"
/usr/bin/make -f CMakeFiles/cmTryCompileExec838611980.dir/build.make CMakeFiles/cmTryCompileExec838611980.dir/build
make[1]: Entering directory `/home/swarmie/rover_workspace/build/ublox_msgs/CMakeFiles/CMakeTmp'
/usr/bin/cmake -E cmake_progress_report /home/swarmie/rover_workspace/build/ublox_msgs/CMakeFiles/CMakeTmp/CMakeFiles 1
Building C object CMakeFiles/cmTryCompileExec838611980.dir/CheckFunctionExists.c.o
/usr/bin/cc   -DCHECK_FUNCTION_EXISTS=pthread_create   -o CMakeFiles/cmTryCompileExec838611980.dir/CheckFunctionExists.c.o   -c /usr/share/cmake-2.8/Modules/CheckFunctionExists.c
Linking C executable cmTryCompileExec838611980
/usr/bin/cmake -E cmake_link_script CMakeFiles/cmTryCompileExec838611980.dir/link.txt --verbose=1
/usr/bin/cc   -DCHECK_FUNCTION_EXISTS=pthread_create    CMakeFiles/cmTryCompileExec838611980.dir/CheckFunctionExists.c.o  -o cmTryCompileExec838611980 -rdynamic -lpthreads 
/usr/bin/ld: cannot find -lpthreads
collect2: error: ld returned 1 exit status
make[1]: *** [cmTryCompileExec838611980] Error 1
make[1]: Leaving directory `/home/swarmie/rover_workspace/build/ublox_msgs/CMakeFiles/CMakeTmp'
make: *** [cmTryCompileExec838611980/fast] Error 2


