Determining if the pthread_create exist failed with the following output:
Change Dir: /home/swarmie/rover_workspace/build/rqt_rover_gui/CMakeFiles/CMakeTmp

Run Build Command:/usr/bin/make "cmTryCompileExec3185546037/fast"
/usr/bin/make -f CMakeFiles/cmTryCompileExec3185546037.dir/build.make CMakeFiles/cmTryCompileExec3185546037.dir/build
make[1]: Entering directory `/home/swarmie/rover_workspace/build/rqt_rover_gui/CMakeFiles/CMakeTmp'
/usr/bin/cmake -E cmake_progress_report /home/swarmie/rover_workspace/build/rqt_rover_gui/CMakeFiles/CMakeTmp/CMakeFiles 1
Building C object CMakeFiles/cmTryCompileExec3185546037.dir/CheckSymbolExists.c.o
/usr/bin/cc    -o CMakeFiles/cmTryCompileExec3185546037.dir/CheckSymbolExists.c.o   -c /home/swarmie/rover_workspace/build/rqt_rover_gui/CMakeFiles/CMakeTmp/CheckSymbolExists.c
Linking C executable cmTryCompileExec3185546037
/usr/bin/cmake -E cmake_link_script CMakeFiles/cmTryCompileExec3185546037.dir/link.txt --verbose=1
/usr/bin/cc       CMakeFiles/cmTryCompileExec3185546037.dir/CheckSymbolExists.c.o  -o cmTryCompileExec3185546037 -rdynamic 
CMakeFiles/cmTryCompileExec3185546037.dir/CheckSymbolExists.c.o: In function `main':
CheckSymbolExists.c:(.text+0x16): undefined reference to `pthread_create'
make[1]: Leaving directory `/home/swarmie/rover_workspace/build/rqt_rover_gui/CMakeFiles/CMakeTmp'
collect2: error: ld returned 1 exit status
make[1]: *** [cmTryCompileExec3185546037] Error 1
make: *** [cmTryCompileExec3185546037/fast] Error 2

File /home/swarmie/rover_workspace/build/rqt_rover_gui/CMakeFiles/CMakeTmp/CheckSymbolExists.c:
/* */
#include <pthread.h>

int main(int argc, char** argv)
{
  (void)argv;
#ifndef pthread_create
  return ((int*)(&pthread_create))[argc];
#else
  (void)argc;
  return 0;
#endif
}

Determining if the function pthread_create exists in the pthreads failed with the following output:
Change Dir: /home/swarmie/rover_workspace/build/rqt_rover_gui/CMakeFiles/CMakeTmp

Run Build Command:/usr/bin/make "cmTryCompileExec1097702387/fast"
/usr/bin/make -f CMakeFiles/cmTryCompileExec1097702387.dir/build.make CMakeFiles/cmTryCompileExec1097702387.dir/build
make[1]: Entering directory `/home/swarmie/rover_workspace/build/rqt_rover_gui/CMakeFiles/CMakeTmp'
/usr/bin/cmake -E cmake_progress_report /home/swarmie/rover_workspace/build/rqt_rover_gui/CMakeFiles/CMakeTmp/CMakeFiles 1
Building C object CMakeFiles/cmTryCompileExec1097702387.dir/CheckFunctionExists.c.o
/usr/bin/cc   -DCHECK_FUNCTION_EXISTS=pthread_create   -o CMakeFiles/cmTryCompileExec1097702387.dir/CheckFunctionExists.c.o   -c /usr/share/cmake-2.8/Modules/CheckFunctionExists.c
Linking C executable cmTryCompileExec1097702387
/usr/bin/cmake -E cmake_link_script CMakeFiles/cmTryCompileExec1097702387.dir/link.txt --verbose=1
/usr/bin/cc   -DCHECK_FUNCTION_EXISTS=pthread_create    CMakeFiles/cmTryCompileExec1097702387.dir/CheckFunctionExists.c.o  -o cmTryCompileExec1097702387 -rdynamic -lpthreads 
/usr/bin/ld: cannot find -lpthreads
collect2: error: ld returned 1 exit status
make[1]: Leaving directory `/home/swarmie/rover_workspace/build/rqt_rover_gui/CMakeFiles/CMakeTmp'
make[1]: *** [cmTryCompileExec1097702387] Error 1
make: *** [cmTryCompileExec1097702387/fast] Error 2


Determining if the Q_WS_WIN exist failed with the following output:
Change Dir: /home/swarmie/rover_workspace/build/rqt_rover_gui/CMakeFiles/CMakeTmp

Run Build Command:/usr/bin/make "cmTryCompileExec2196286322/fast"
/usr/bin/make -f CMakeFiles/cmTryCompileExec2196286322.dir/build.make CMakeFiles/cmTryCompileExec2196286322.dir/build
make[1]: Entering directory `/home/swarmie/rover_workspace/build/rqt_rover_gui/CMakeFiles/CMakeTmp'
/usr/bin/cmake -E cmake_progress_report /home/swarmie/rover_workspace/build/rqt_rover_gui/CMakeFiles/CMakeTmp/CMakeFiles 1
Building CXX object CMakeFiles/cmTryCompileExec2196286322.dir/CheckSymbolExists.cxx.o
/usr/bin/c++    -std=c++0x   -I/usr/include/qt4    -o CMakeFiles/cmTryCompileExec2196286322.dir/CheckSymbolExists.cxx.o -c /home/swarmie/rover_workspace/build/rqt_rover_gui/CMakeFiles/CMakeTmp/CheckSymbolExists.cxx
/home/swarmie/rover_workspace/build/rqt_rover_gui/CMakeFiles/CMakeTmp/CheckSymbolExists.cxx: In function ‘int main(int, char**)’:
/home/swarmie/rover_workspace/build/rqt_rover_gui/CMakeFiles/CMakeTmp/CheckSymbolExists.cxx:8:19: error: ‘Q_WS_WIN’ was not declared in this scope
   return ((int*)(&Q_WS_WIN))[argc];
                   ^
make[1]: Leaving directory `/home/swarmie/rover_workspace/build/rqt_rover_gui/CMakeFiles/CMakeTmp'
make[1]: *** [CMakeFiles/cmTryCompileExec2196286322.dir/CheckSymbolExists.cxx.o] Error 1
make: *** [cmTryCompileExec2196286322/fast] Error 2

File /home/swarmie/rover_workspace/build/rqt_rover_gui/CMakeFiles/CMakeTmp/CheckSymbolExists.cxx:
/* */
#include <QtCore/qglobal.h>

int main(int argc, char** argv)
{
  (void)argv;
#ifndef Q_WS_WIN
  return ((int*)(&Q_WS_WIN))[argc];
#else
  (void)argc;
  return 0;
#endif
}

Determining if the Q_WS_QWS exist failed with the following output:
Change Dir: /home/swarmie/rover_workspace/build/rqt_rover_gui/CMakeFiles/CMakeTmp

Run Build Command:/usr/bin/make "cmTryCompileExec2327056122/fast"
/usr/bin/make -f CMakeFiles/cmTryCompileExec2327056122.dir/build.make CMakeFiles/cmTryCompileExec2327056122.dir/build
make[1]: Entering directory `/home/swarmie/rover_workspace/build/rqt_rover_gui/CMakeFiles/CMakeTmp'
/usr/bin/cmake -E cmake_progress_report /home/swarmie/rover_workspace/build/rqt_rover_gui/CMakeFiles/CMakeTmp/CMakeFiles 1
Building CXX object CMakeFiles/cmTryCompileExec2327056122.dir/CheckSymbolExists.cxx.o
/usr/bin/c++    -std=c++0x   -I/usr/include/qt4    -o CMakeFiles/cmTryCompileExec2327056122.dir/CheckSymbolExists.cxx.o -c /home/swarmie/rover_workspace/build/rqt_rover_gui/CMakeFiles/CMakeTmp/CheckSymbolExists.cxx
/home/swarmie/rover_workspace/build/rqt_rover_gui/CMakeFiles/CMakeTmp/CheckSymbolExists.cxx: In function ‘int main(int, char**)’:
/home/swarmie/rover_workspace/build/rqt_rover_gui/CMakeFiles/CMakeTmp/CheckSymbolExists.cxx:8:19: error: ‘Q_WS_QWS’ was not declared in this scope
   return ((int*)(&Q_WS_QWS))[argc];
                   ^
make[1]: Leaving directory `/home/swarmie/rover_workspace/build/rqt_rover_gui/CMakeFiles/CMakeTmp'
make[1]: *** [CMakeFiles/cmTryCompileExec2327056122.dir/CheckSymbolExists.cxx.o] Error 1
make: *** [cmTryCompileExec2327056122/fast] Error 2

File /home/swarmie/rover_workspace/build/rqt_rover_gui/CMakeFiles/CMakeTmp/CheckSymbolExists.cxx:
/* */
#include <QtCore/qglobal.h>

int main(int argc, char** argv)
{
  (void)argv;
#ifndef Q_WS_QWS
  return ((int*)(&Q_WS_QWS))[argc];
#else
  (void)argc;
  return 0;
#endif
}

Determining if the Q_WS_MAC exist failed with the following output:
Change Dir: /home/swarmie/rover_workspace/build/rqt_rover_gui/CMakeFiles/CMakeTmp

Run Build Command:/usr/bin/make "cmTryCompileExec2203372853/fast"
/usr/bin/make -f CMakeFiles/cmTryCompileExec2203372853.dir/build.make CMakeFiles/cmTryCompileExec2203372853.dir/build
make[1]: Entering directory `/home/swarmie/rover_workspace/build/rqt_rover_gui/CMakeFiles/CMakeTmp'
/usr/bin/cmake -E cmake_progress_report /home/swarmie/rover_workspace/build/rqt_rover_gui/CMakeFiles/CMakeTmp/CMakeFiles 1
Building CXX object CMakeFiles/cmTryCompileExec2203372853.dir/CheckSymbolExists.cxx.o
/usr/bin/c++    -std=c++0x   -I/usr/include/qt4    -o CMakeFiles/cmTryCompileExec2203372853.dir/CheckSymbolExists.cxx.o -c /home/swarmie/rover_workspace/build/rqt_rover_gui/CMakeFiles/CMakeTmp/CheckSymbolExists.cxx
/home/swarmie/rover_workspace/build/rqt_rover_gui/CMakeFiles/CMakeTmp/CheckSymbolExists.cxx: In function ‘int main(int, char**)’:
/home/swarmie/rover_workspace/build/rqt_rover_gui/CMakeFiles/CMakeTmp/CheckSymbolExists.cxx:8:19: error: ‘Q_WS_MAC’ was not declared in this scope
   return ((int*)(&Q_WS_MAC))[argc];
                   ^
make[1]: Leaving directory `/home/swarmie/rover_workspace/build/rqt_rover_gui/CMakeFiles/CMakeTmp'
make[1]: *** [CMakeFiles/cmTryCompileExec2203372853.dir/CheckSymbolExists.cxx.o] Error 1
make: *** [cmTryCompileExec2203372853/fast] Error 2

File /home/swarmie/rover_workspace/build/rqt_rover_gui/CMakeFiles/CMakeTmp/CheckSymbolExists.cxx:
/* */
#include <QtCore/qglobal.h>

int main(int argc, char** argv)
{
  (void)argv;
#ifndef Q_WS_MAC
  return ((int*)(&Q_WS_MAC))[argc];
#else
  (void)argc;
  return 0;
#endif
}

