Determining if the pthread_create exist failed with the following output:
Change Dir: /home/swarmie/rover_workspace/build/abridge/CMakeFiles/CMakeTmp

Run Build Command:/usr/bin/make "cmTryCompileExec2794326211/fast"
/usr/bin/make -f CMakeFiles/cmTryCompileExec2794326211.dir/build.make CMakeFiles/cmTryCompileExec2794326211.dir/build
make[1]: Entering directory `/home/swarmie/rover_workspace/build/abridge/CMakeFiles/CMakeTmp'
/usr/bin/cmake -E cmake_progress_report /home/swarmie/rover_workspace/build/abridge/CMakeFiles/CMakeTmp/CMakeFiles 1
Building C object CMakeFiles/cmTryCompileExec2794326211.dir/CheckSymbolExists.c.o
/usr/bin/cc    -o CMakeFiles/cmTryCompileExec2794326211.dir/CheckSymbolExists.c.o   -c /home/swarmie/rover_workspace/build/abridge/CMakeFiles/CMakeTmp/CheckSymbolExists.c
Linking C executable cmTryCompileExec2794326211
/usr/bin/cmake -E cmake_link_script CMakeFiles/cmTryCompileExec2794326211.dir/link.txt --verbose=1
/usr/bin/cc       CMakeFiles/cmTryCompileExec2794326211.dir/CheckSymbolExists.c.o  -o cmTryCompileExec2794326211 -rdynamic 
CMakeFiles/cmTryCompileExec2794326211.dir/CheckSymbolExists.c.o: In function `main':
CheckSymbolExists.c:(.text+0x16): undefined reference to `pthread_create'
collect2: error: ld returned 1 exit status
make[1]: Leaving directory `/home/swarmie/rover_workspace/build/abridge/CMakeFiles/CMakeTmp'
make[1]: *** [cmTryCompileExec2794326211] Error 1
make: *** [cmTryCompileExec2794326211/fast] Error 2

File /home/swarmie/rover_workspace/build/abridge/CMakeFiles/CMakeTmp/CheckSymbolExists.c:
/* */
#include <pthread.h>

int main(int argc, char** argv)
{
  (void)argv;
#ifndef pthread_create
  return ((int*)(&pthread_create))[argc];
#else
  (void)argc;
  return 0;
#endif
}

Determining if the function pthread_create exists in the pthreads failed with the following output:
Change Dir: /home/swarmie/rover_workspace/build/abridge/CMakeFiles/CMakeTmp

Run Build Command:/usr/bin/make "cmTryCompileExec377978370/fast"
/usr/bin/make -f CMakeFiles/cmTryCompileExec377978370.dir/build.make CMakeFiles/cmTryCompileExec377978370.dir/build
make[1]: Entering directory `/home/swarmie/rover_workspace/build/abridge/CMakeFiles/CMakeTmp'
/usr/bin/cmake -E cmake_progress_report /home/swarmie/rover_workspace/build/abridge/CMakeFiles/CMakeTmp/CMakeFiles 1
Building C object CMakeFiles/cmTryCompileExec377978370.dir/CheckFunctionExists.c.o
/usr/bin/cc   -DCHECK_FUNCTION_EXISTS=pthread_create   -o CMakeFiles/cmTryCompileExec377978370.dir/CheckFunctionExists.c.o   -c /usr/share/cmake-2.8/Modules/CheckFunctionExists.c
Linking C executable cmTryCompileExec377978370
/usr/bin/cmake -E cmake_link_script CMakeFiles/cmTryCompileExec377978370.dir/link.txt --verbose=1
/usr/bin/cc   -DCHECK_FUNCTION_EXISTS=pthread_create    CMakeFiles/cmTryCompileExec377978370.dir/CheckFunctionExists.c.o  -o cmTryCompileExec377978370 -rdynamic -lpthreads 
/usr/bin/ld: cannot find -lpthreads
collect2: error: ld returned 1 exit status
make[1]: Leaving directory `/home/swarmie/rover_workspace/build/abridge/CMakeFiles/CMakeTmp'
make[1]: *** [cmTryCompileExec377978370] Error 1
make: *** [cmTryCompileExec377978370/fast] Error 2


