Determining if the pthread_create exist failed with the following output:
Change Dir: /home/swarmie/rover_workspace/build/diagnostics/CMakeFiles/CMakeTmp

Run Build Command:/usr/bin/make "cmTryCompileExec592689668/fast"
/usr/bin/make -f CMakeFiles/cmTryCompileExec592689668.dir/build.make CMakeFiles/cmTryCompileExec592689668.dir/build
make[1]: Entering directory `/home/swarmie/rover_workspace/build/diagnostics/CMakeFiles/CMakeTmp'
/usr/bin/cmake -E cmake_progress_report /home/swarmie/rover_workspace/build/diagnostics/CMakeFiles/CMakeTmp/CMakeFiles 1
Building C object CMakeFiles/cmTryCompileExec592689668.dir/CheckSymbolExists.c.o
/usr/bin/cc    -o CMakeFiles/cmTryCompileExec592689668.dir/CheckSymbolExists.c.o   -c /home/swarmie/rover_workspace/build/diagnostics/CMakeFiles/CMakeTmp/CheckSymbolExists.c
Linking C executable cmTryCompileExec592689668
/usr/bin/cmake -E cmake_link_script CMakeFiles/cmTryCompileExec592689668.dir/link.txt --verbose=1
/usr/bin/cc       CMakeFiles/cmTryCompileExec592689668.dir/CheckSymbolExists.c.o  -o cmTryCompileExec592689668 -rdynamic 
CMakeFiles/cmTryCompileExec592689668.dir/CheckSymbolExists.c.o: In function `main':
CheckSymbolExists.c:(.text+0x16): undefined reference to `pthread_create'
collect2: error: ld returned 1 exit status
make[1]: Leaving directory `/home/swarmie/rover_workspace/build/diagnostics/CMakeFiles/CMakeTmp'
make[1]: *** [cmTryCompileExec592689668] Error 1
make: *** [cmTryCompileExec592689668/fast] Error 2

File /home/swarmie/rover_workspace/build/diagnostics/CMakeFiles/CMakeTmp/CheckSymbolExists.c:
/* */
#include <pthread.h>

int main(int argc, char** argv)
{
  (void)argv;
#ifndef pthread_create
  return ((int*)(&pthread_create))[argc];
#else
  (void)argc;
  return 0;
#endif
}

Determining if the function pthread_create exists in the pthreads failed with the following output:
Change Dir: /home/swarmie/rover_workspace/build/diagnostics/CMakeFiles/CMakeTmp

Run Build Command:/usr/bin/make "cmTryCompileExec3725125678/fast"
/usr/bin/make -f CMakeFiles/cmTryCompileExec3725125678.dir/build.make CMakeFiles/cmTryCompileExec3725125678.dir/build
make[1]: Entering directory `/home/swarmie/rover_workspace/build/diagnostics/CMakeFiles/CMakeTmp'
/usr/bin/cmake -E cmake_progress_report /home/swarmie/rover_workspace/build/diagnostics/CMakeFiles/CMakeTmp/CMakeFiles 1
Building C object CMakeFiles/cmTryCompileExec3725125678.dir/CheckFunctionExists.c.o
/usr/bin/cc   -DCHECK_FUNCTION_EXISTS=pthread_create   -o CMakeFiles/cmTryCompileExec3725125678.dir/CheckFunctionExists.c.o   -c /usr/share/cmake-2.8/Modules/CheckFunctionExists.c
Linking C executable cmTryCompileExec3725125678
/usr/bin/cmake -E cmake_link_script CMakeFiles/cmTryCompileExec3725125678.dir/link.txt --verbose=1
/usr/bin/cc   -DCHECK_FUNCTION_EXISTS=pthread_create    CMakeFiles/cmTryCompileExec3725125678.dir/CheckFunctionExists.c.o  -o cmTryCompileExec3725125678 -rdynamic -lpthreads 
/usr/bin/ld: cannot find -lpthreads
collect2: error: ld returned 1 exit status
make[1]: Leaving directory `/home/swarmie/rover_workspace/build/diagnostics/CMakeFiles/CMakeTmp'
make[1]: *** [cmTryCompileExec3725125678] Error 1
make: *** [cmTryCompileExec3725125678/fast] Error 2


