Determining if the pthread_create exist failed with the following output:
Change Dir: /home/swarmie/rover_workspace/build/ublox_serialization/CMakeFiles/CMakeTmp

Run Build Command:/usr/bin/make "cmTryCompileExec478990887/fast"
/usr/bin/make -f CMakeFiles/cmTryCompileExec478990887.dir/build.make CMakeFiles/cmTryCompileExec478990887.dir/build
make[1]: Entering directory `/home/swarmie/rover_workspace/build/ublox_serialization/CMakeFiles/CMakeTmp'
/usr/bin/cmake -E cmake_progress_report /home/swarmie/rover_workspace/build/ublox_serialization/CMakeFiles/CMakeTmp/CMakeFiles 1
Building C object CMakeFiles/cmTryCompileExec478990887.dir/CheckSymbolExists.c.o
/usr/bin/cc    -o CMakeFiles/cmTryCompileExec478990887.dir/CheckSymbolExists.c.o   -c /home/swarmie/rover_workspace/build/ublox_serialization/CMakeFiles/CMakeTmp/CheckSymbolExists.c
Linking C executable cmTryCompileExec478990887
/usr/bin/cmake -E cmake_link_script CMakeFiles/cmTryCompileExec478990887.dir/link.txt --verbose=1
/usr/bin/cc       CMakeFiles/cmTryCompileExec478990887.dir/CheckSymbolExists.c.o  -o cmTryCompileExec478990887 -rdynamic 
CMakeFiles/cmTryCompileExec478990887.dir/CheckSymbolExists.c.o: In function `main':
CheckSymbolExists.c:(.text+0x16): undefined reference to `pthread_create'
collect2: error: ld returned 1 exit status
make[1]: Leaving directory `/home/swarmie/rover_workspace/build/ublox_serialization/CMakeFiles/CMakeTmp'
make[1]: *** [cmTryCompileExec478990887] Error 1
make: *** [cmTryCompileExec478990887/fast] Error 2

File /home/swarmie/rover_workspace/build/ublox_serialization/CMakeFiles/CMakeTmp/CheckSymbolExists.c:
/* */
#include <pthread.h>

int main(int argc, char** argv)
{
  (void)argv;
#ifndef pthread_create
  return ((int*)(&pthread_create))[argc];
#else
  (void)argc;
  return 0;
#endif
}

Determining if the function pthread_create exists in the pthreads failed with the following output:
Change Dir: /home/swarmie/rover_workspace/build/ublox_serialization/CMakeFiles/CMakeTmp

Run Build Command:/usr/bin/make "cmTryCompileExec2530494753/fast"
/usr/bin/make -f CMakeFiles/cmTryCompileExec2530494753.dir/build.make CMakeFiles/cmTryCompileExec2530494753.dir/build
make[1]: Entering directory `/home/swarmie/rover_workspace/build/ublox_serialization/CMakeFiles/CMakeTmp'
/usr/bin/cmake -E cmake_progress_report /home/swarmie/rover_workspace/build/ublox_serialization/CMakeFiles/CMakeTmp/CMakeFiles 1
Building C object CMakeFiles/cmTryCompileExec2530494753.dir/CheckFunctionExists.c.o
/usr/bin/cc   -DCHECK_FUNCTION_EXISTS=pthread_create   -o CMakeFiles/cmTryCompileExec2530494753.dir/CheckFunctionExists.c.o   -c /usr/share/cmake-2.8/Modules/CheckFunctionExists.c
Linking C executable cmTryCompileExec2530494753
/usr/bin/cmake -E cmake_link_script CMakeFiles/cmTryCompileExec2530494753.dir/link.txt --verbose=1
/usr/bin/cc   -DCHECK_FUNCTION_EXISTS=pthread_create    CMakeFiles/cmTryCompileExec2530494753.dir/CheckFunctionExists.c.o  -o cmTryCompileExec2530494753 -rdynamic -lpthreads 
/usr/bin/ld: cannot find -lpthreads
collect2: error: ld returned 1 exit status
make[1]: Leaving directory `/home/swarmie/rover_workspace/build/ublox_serialization/CMakeFiles/CMakeTmp'
make[1]: *** [cmTryCompileExec2530494753] Error 1
make: *** [cmTryCompileExec2530494753/fast] Error 2


