Determining if the pthread_create exist failed with the following output:
Change Dir: /home/swarmie/rover_workspace/build/mobility/CMakeFiles/CMakeTmp

Run Build Command:/usr/bin/make "cmTryCompileExec2699875854/fast"
/usr/bin/make -f CMakeFiles/cmTryCompileExec2699875854.dir/build.make CMakeFiles/cmTryCompileExec2699875854.dir/build
make[1]: Entering directory `/home/swarmie/rover_workspace/build/mobility/CMakeFiles/CMakeTmp'
/usr/bin/cmake -E cmake_progress_report /home/swarmie/rover_workspace/build/mobility/CMakeFiles/CMakeTmp/CMakeFiles 1
Building C object CMakeFiles/cmTryCompileExec2699875854.dir/CheckSymbolExists.c.o
/usr/bin/cc    -o CMakeFiles/cmTryCompileExec2699875854.dir/CheckSymbolExists.c.o   -c /home/swarmie/rover_workspace/build/mobility/CMakeFiles/CMakeTmp/CheckSymbolExists.c
Linking C executable cmTryCompileExec2699875854
/usr/bin/cmake -E cmake_link_script CMakeFiles/cmTryCompileExec2699875854.dir/link.txt --verbose=1
/usr/bin/cc       CMakeFiles/cmTryCompileExec2699875854.dir/CheckSymbolExists.c.o  -o cmTryCompileExec2699875854 -rdynamic 
CMakeFiles/cmTryCompileExec2699875854.dir/CheckSymbolExists.c.o: In function `main':
CheckSymbolExists.c:(.text+0x16): undefined reference to `pthread_create'
collect2: error: ld returned 1 exit status
make[1]: Leaving directory `/home/swarmie/rover_workspace/build/mobility/CMakeFiles/CMakeTmp'
make[1]: *** [cmTryCompileExec2699875854] Error 1
make: *** [cmTryCompileExec2699875854/fast] Error 2

File /home/swarmie/rover_workspace/build/mobility/CMakeFiles/CMakeTmp/CheckSymbolExists.c:
/* */
#include <pthread.h>

int main(int argc, char** argv)
{
  (void)argv;
#ifndef pthread_create
  return ((int*)(&pthread_create))[argc];
#else
  (void)argc;
  return 0;
#endif
}

Determining if the function pthread_create exists in the pthreads failed with the following output:
Change Dir: /home/swarmie/rover_workspace/build/mobility/CMakeFiles/CMakeTmp

Run Build Command:/usr/bin/make "cmTryCompileExec464547929/fast"
/usr/bin/make -f CMakeFiles/cmTryCompileExec464547929.dir/build.make CMakeFiles/cmTryCompileExec464547929.dir/build
make[1]: Entering directory `/home/swarmie/rover_workspace/build/mobility/CMakeFiles/CMakeTmp'
/usr/bin/cmake -E cmake_progress_report /home/swarmie/rover_workspace/build/mobility/CMakeFiles/CMakeTmp/CMakeFiles 1
Building C object CMakeFiles/cmTryCompileExec464547929.dir/CheckFunctionExists.c.o
/usr/bin/cc   -DCHECK_FUNCTION_EXISTS=pthread_create   -o CMakeFiles/cmTryCompileExec464547929.dir/CheckFunctionExists.c.o   -c /usr/share/cmake-2.8/Modules/CheckFunctionExists.c
Linking C executable cmTryCompileExec464547929
/usr/bin/cmake -E cmake_link_script CMakeFiles/cmTryCompileExec464547929.dir/link.txt --verbose=1
/usr/bin/cc   -DCHECK_FUNCTION_EXISTS=pthread_create    CMakeFiles/cmTryCompileExec464547929.dir/CheckFunctionExists.c.o  -o cmTryCompileExec464547929 -rdynamic -lpthreads 
/usr/bin/ld: cannot find -lpthreads
collect2: error: ld returned 1 exit status
make[1]: Leaving directory `/home/swarmie/rover_workspace/build/mobility/CMakeFiles/CMakeTmp'
make[1]: *** [cmTryCompileExec464547929] Error 1
make: *** [cmTryCompileExec464547929/fast] Error 2


